<?xml version="1.0" encoding="UTF-8"?>
<robot generator="Robot 6.0.2 (Python 3.11.0 on win32)" generated="20230508 10:48:17.378" rpa="false" schemaversion="3">
<suite id="s1" name="Robot-Fw" source="D:\Projects\QA\robot-fw">
<suite id="s1-s1" name="Steps" source="D:\Projects\QA\robot-fw\steps">
<suite id="s1-s1-s1" name="Login" source="D:\Projects\QA\robot-fw\steps\login.robot">
<kw name="Open Browser" library="SeleniumLibrary" type="SETUP">
<arg>${url}</arg>
<arg>${browser}</arg>
<doc>Opens a new browser instance to the optional ``url``.</doc>
<msg timestamp="20230508 10:48:17.777" level="INFO">Opening browser 'Chrome' to base url 'https://www.saucedemo.com/'.</msg>
<msg timestamp="20230508 10:48:17.799" level="INFO">Executing: C:\Python311\Lib\site-packages\selenium\webdriver\common\windows\selenium-manager.exe --browser chrome --output json</msg>
<status status="PASS" starttime="20230508 10:48:17.776" endtime="20230508 10:48:20.204"/>
</kw>
<test id="s1-s1-s1-t1" name="User Login with valid username and password" line="35">
<kw name="Login Web Sauce Demo">
<kw name="Input Text" library="SeleniumLibrary">
<arg>${Txt_Username}</arg>
<arg>${username}</arg>
<doc>Types the given ``text`` into the text field identified by ``locator``.</doc>
<msg timestamp="20230508 10:48:20.211" level="INFO">Typing text 'standard_user' into text field 'id:user-name'.</msg>
<status status="PASS" starttime="20230508 10:48:20.209" endtime="20230508 10:48:20.452"/>
</kw>
<kw name="Input Text" library="SeleniumLibrary">
<arg>${Txt_Password}</arg>
<arg>${password}</arg>
<doc>Types the given ``text`` into the text field identified by ``locator``.</doc>
<msg timestamp="20230508 10:48:20.454" level="INFO">Typing text 'secret_sauce' into text field 'id:password'.</msg>
<status status="PASS" starttime="20230508 10:48:20.453" endtime="20230508 10:48:20.629"/>
</kw>
<kw name="Click Button" library="SeleniumLibrary">
<arg>${Btn_Login}</arg>
<doc>Clicks the button identified by ``locator``.</doc>
<msg timestamp="20230508 10:48:20.630" level="INFO">Clicking button 'id:login-button'.</msg>
<status status="PASS" starttime="20230508 10:48:20.629" endtime="20230508 10:48:20.802"/>
</kw>
<kw name="Sleep" library="BuiltIn">
<arg>2s</arg>
<doc>Pauses the test executed for the given time.</doc>
<msg timestamp="20230508 10:48:22.803" level="INFO">Slept 2 seconds</msg>
<status status="PASS" starttime="20230508 10:48:20.802" endtime="20230508 10:48:22.804"/>
</kw>
<status status="PASS" starttime="20230508 10:48:20.208" endtime="20230508 10:48:22.805"/>
</kw>
<kw name="Verify Login Success">
<kw name="Page Should Contain" library="SeleniumLibrary">
<arg>${Lbl_Products}</arg>
<doc>Verifies that current page contains ``text``.</doc>
<msg timestamp="20230508 10:48:22.870" level="INFO">Current page contains text 'Products'.</msg>
<status status="PASS" starttime="20230508 10:48:22.810" endtime="20230508 10:48:22.870"/>
</kw>
<status status="PASS" starttime="20230508 10:48:22.808" endtime="20230508 10:48:22.871"/>
</kw>
<kw name="Logout Web Sauce Demo">
<kw name="Click Button" library="SeleniumLibrary">
<arg>${Btn_Menu}</arg>
<doc>Clicks the button identified by ``locator``.</doc>
<msg timestamp="20230508 10:48:22.875" level="INFO">Clicking button 'id:react-burger-menu-btn'.</msg>
<status status="PASS" starttime="20230508 10:48:22.873" endtime="20230508 10:48:22.990"/>
</kw>
<kw name="Sleep" library="BuiltIn">
<arg>2s</arg>
<doc>Pauses the test executed for the given time.</doc>
<msg timestamp="20230508 10:48:24.991" level="INFO">Slept 2 seconds</msg>
<status status="PASS" starttime="20230508 10:48:22.990" endtime="20230508 10:48:24.991"/>
</kw>
<kw name="Click Link" library="SeleniumLibrary">
<arg>${Lnk_Logout}</arg>
<doc>Clicks a link identified by ``locator``.</doc>
<msg timestamp="20230508 10:48:24.992" level="INFO">Clicking link 'id:logout_sidebar_link'.</msg>
<status status="PASS" starttime="20230508 10:48:24.991" endtime="20230508 10:48:25.083"/>
</kw>
<status status="PASS" starttime="20230508 10:48:22.873" endtime="20230508 10:48:25.083"/>
</kw>
<status status="PASS" starttime="20230508 10:48:20.205" endtime="20230508 10:48:25.084"/>
</test>
<test id="s1-s1-s1-t2" name="User Login with invalid username and password" line="40">
<kw name="Login Web Sauce Demo Invalid">
<kw name="Input Text" library="SeleniumLibrary">
<arg>${Txt_Username}</arg>
<arg>${username_invalid}</arg>
<doc>Types the given ``text`` into the text field identified by ``locator``.</doc>
<msg timestamp="20230508 10:48:25.092" level="INFO">Typing text 'standard_user_invalid' into text field 'id:user-name'.</msg>
<status status="PASS" starttime="20230508 10:48:25.090" endtime="20230508 10:48:25.333"/>
</kw>
<kw name="Input Text" library="SeleniumLibrary">
<arg>${Txt_Password}</arg>
<arg>${password}</arg>
<doc>Types the given ``text`` into the text field identified by ``locator``.</doc>
<msg timestamp="20230508 10:48:25.335" level="INFO">Typing text 'secret_sauce' into text field 'id:password'.</msg>
<status status="PASS" starttime="20230508 10:48:25.333" endtime="20230508 10:48:25.499"/>
</kw>
<kw name="Click Button" library="SeleniumLibrary">
<arg>${Btn_Login}</arg>
<doc>Clicks the button identified by ``locator``.</doc>
<msg timestamp="20230508 10:48:25.501" level="INFO">Clicking button 'id:login-button'.</msg>
<status status="PASS" starttime="20230508 10:48:25.500" endtime="20230508 10:48:25.577"/>
</kw>
<kw name="Sleep" library="BuiltIn">
<arg>2s</arg>
<doc>Pauses the test executed for the given time.</doc>
<msg timestamp="20230508 10:48:27.578" level="INFO">Slept 2 seconds</msg>
<status status="PASS" starttime="20230508 10:48:25.577" endtime="20230508 10:48:27.578"/>
</kw>
<status status="PASS" starttime="20230508 10:48:25.089" endtime="20230508 10:48:27.579"/>
</kw>
<kw name="Verify Login Fail">
<kw name="Page Should Contain" library="SeleniumLibrary">
<arg>${Lbl_Error}</arg>
<doc>Verifies that current page contains ``text``.</doc>
<msg timestamp="20230508 10:48:27.597" level="INFO">Current page contains text 'Epic sadface: Username and password do not match any user in this service'.</msg>
<status status="PASS" starttime="20230508 10:48:27.580" endtime="20230508 10:48:27.598"/>
</kw>
<status status="PASS" starttime="20230508 10:48:27.579" endtime="20230508 10:48:27.598"/>
</kw>
<status status="PASS" starttime="20230508 10:48:25.087" endtime="20230508 10:48:27.600"/>
</test>
<kw name="Close Browser" library="SeleniumLibrary" type="TEARDOWN">
<doc>Closes the current browser.</doc>
<status status="PASS" starttime="20230508 10:48:27.602" endtime="20230508 10:48:29.767"/>
</kw>
<status status="PASS" starttime="20230508 10:48:17.450" endtime="20230508 10:48:29.767"/>
</suite>
<status status="PASS" starttime="20230508 10:48:17.444" endtime="20230508 10:48:29.778"/>
</suite>
<status status="PASS" starttime="20230508 10:48:17.384" endtime="20230508 10:48:29.789"/>
</suite>
<statistics>
<total>
<stat pass="2" fail="0" skip="0">All Tests</stat>
</total>
<tag>
</tag>
<suite>
<stat pass="2" fail="0" skip="0" id="s1" name="Robot-Fw">Robot-Fw</stat>
<stat pass="2" fail="0" skip="0" id="s1-s1" name="Steps">Robot-Fw.Steps</stat>
<stat pass="2" fail="0" skip="0" id="s1-s1-s1" name="Login">Robot-Fw.Steps.Login</stat>
</suite>
</statistics>
<errors>
</errors>
</robot>
